[    0.000000] Initializing cgroup subsys cpuset
[    0.000000] Initializing cgroup subsys cpu
[    0.000000] Initializing cgroup subsys cpuacct
[    0.000000] Linux version 4.4.0-141-generic (buildd@lcy01-amd64-006) (gcc version 5.4.0 20160609 (Ubuntu 5.4.0-6ubuntu1~16.04.10) ) #167-Ubuntu SMP Wed Dec 5 10:40:15 UTC 2018 (Ubuntu 4.4.0-141.167-generic 4.4.162)
[    0.000000] Command line: BOOT_IMAGE=/boot/vmlinuz-4.4.0-141-generic root=LABEL=cloudimg-rootfs ro console=tty1 console=ttyS0
[    0.000000] KERNEL supported cpus:
[    0.000000]   Intel GenuineIntel
[    0.000000]   AMD AuthenticAMD
[    0.000000]   Centaur CentaurHauls
[    0.000000] x86/fpu: xstate_offset[2]:  576, xstate_sizes[2]:  256
[    0.000000] x86/fpu: Supporting XSAVE feature 0x01: 'x87 floating point registers'
[    0.000000] x86/fpu: Supporting XSAVE feature 0x02: 'SSE registers'
[    0.000000] x86/fpu: Supporting XSAVE feature 0x04: 'AVX registers'
[    0.000000] x86/fpu: Enabled xstate features 0x7, context size is 832 bytes, using 'standard' format.
[    0.000000] e820: BIOS-provided physical RAM map:
[    0.000000] BIOS-e820: [mem 0x0000000000000000-0x000000000009fbff] usable
[    0.000000] BIOS-e820: [mem 0x000000000009fc00-0x000000000009ffff] reserved
[    0.000000] BIOS-e820: [mem 0x00000000000f0000-0x00000000000fffff] reserved
[    0.000000] BIOS-e820: [mem 0x0000000000100000-0x000000001ffeffff] usable
[    0.000000] BIOS-e820: [mem 0x000000001fff0000-0x000000001fffffff] ACPI data
[    0.000000] BIOS-e820: [mem 0x00000000fec00000-0x00000000fec00fff] reserved
[    0.000000] BIOS-e820: [mem 0x00000000fee00000-0x00000000fee00fff] reserved
[    0.000000] BIOS-e820: [mem 0x00000000fffc0000-0x00000000ffffffff] reserved
[    0.000000] NX (Execute Disable) protection: active
[    0.000000] SMBIOS 2.5 present.
[    0.000000] Hypervisor detected: KVM
[    0.000000] e820: last_pfn = 0x1fff0 max_arch_pfn = 0x400000000
[    0.000000] MTRR: Disabled
[    0.000000] x86/PAT: MTRRs disabled, skipping PAT initialization too.
[    0.000000] CPU MTRRs all blank - virtualized system.
[    0.000000] x86/PAT: Configuration [0-7]: WB  WT  UC- UC  WB  WT  UC- UC  
[    0.000000] found SMP MP-table at [mem 0x0009fff0-0x0009ffff] mapped at [ffff88000009fff0]
[    0.000000] Scanning 1 areas for low memory corruption
[    0.000000] RAMDISK: [mem 0x1e8db000-0x1f750fff]
[    0.000000] ACPI: Early table checksum verification disabled
[    0.000000] ACPI: RSDP 0x00000000000E0000 000024 (v02 VBOX  )
[    0.000000] ACPI: XSDT 0x000000001FFF0030 00003C (v01 VBOX   VBOXXSDT 00000001 ASL  00000061)
[    0.000000] ACPI: FACP 0x000000001FFF00F0 0000F4 (v04 VBOX   VBOXFACP 00000001 ASL  00000061)
[    0.000000] ACPI: DSDT 0x000000001FFF0470 0022EA (v02 VBOX   VBOXBIOS 00000002 INTL 20100528)
[    0.000000] ACPI: FACS 0x000000001FFF0200 000040
[    0.000000] ACPI: FACS 0x000000001FFF0200 000040
[    0.000000] ACPI: APIC 0x000000001FFF0240 00005C (v02 VBOX   VBOXAPIC 00000001 ASL  00000061)
[    0.000000] ACPI: SSDT 0x000000001FFF02A0 0001CC (v01 VBOX   VBOXCPUT 00000002 INTL 20100528)
[    0.000000] No NUMA configuration found
[    0.000000] Faking a node at [mem 0x0000000000000000-0x000000001ffeffff]
[    0.000000] NODE_DATA(0) allocated [mem 0x1ffeb000-0x1ffeffff]
[    0.000000] kvm-clock: Using msrs 4b564d01 and 4b564d00
[    0.000000] kvm-clock: cpu 0, msr 0:1ffe3001, primary cpu clock
[    0.000000] kvm-clock: using sched offset of 4412177791 cycles
[    0.000000] clocksource: kvm-clock: mask: 0xffffffffffffffff max_cycles: 0x1cd42e4dffb, max_idle_ns: 881590591483 ns
[    0.000000] Zone ranges:
[    0.000000]   DMA      [mem 0x0000000000001000-0x0000000000ffffff]
[    0.000000]   DMA32    [mem 0x0000000001000000-0x000000001ffeffff]
[    0.000000]   Normal   empty
[    0.000000]   Device   empty
[    0.000000] Movable zone start for each node
[    0.000000] Early memory node ranges
[    0.000000]   node   0: [mem 0x0000000000001000-0x000000000009efff]
[    0.000000]   node   0: [mem 0x0000000000100000-0x000000001ffeffff]
[    0.000000] Initmem setup node 0 [mem 0x0000000000001000-0x000000001ffeffff]
[    0.000000] ACPI: PM-Timer IO Port: 0x4008
[    0.000000] IOAPIC[0]: apic_id 2, version 32, address 0xfec00000, GSI 0-23
[    0.000000] ACPI: INT_SRC_OVR (bus 0 bus_irq 0 global_irq 2 dfl dfl)
[    0.000000] ACPI: INT_SRC_OVR (bus 0 bus_irq 9 global_irq 9 low level)
[    0.000000] Using ACPI (MADT) for SMP configuration information
[    0.000000] smpboot: Allowing 2 CPUs, 0 hotplug CPUs
[    0.000000] PM: Registered nosave memory: [mem 0x00000000-0x00000fff]
[    0.000000] PM: Registered nosave memory: [mem 0x0009f000-0x0009ffff]
[    0.000000] PM: Registered nosave memory: [mem 0x000a0000-0x000effff]
[    0.000000] PM: Registered nosave memory: [mem 0x000f0000-0x000fffff]
[    0.000000] e820: [mem 0x20000000-0xfebfffff] available for PCI devices
[    0.000000] Booting paravirtualized kernel on KVM
[    0.000000] clocksource: refined-jiffies: mask: 0xffffffff max_cycles: 0xffffffff, max_idle_ns: 7645519600211568 ns
[    0.000000] setup_percpu: NR_CPUS:512 nr_cpumask_bits:512 nr_cpu_ids:2 nr_node_ids:1
[    0.000000] PERCPU: Embedded 34 pages/cpu @ffff88001fc00000 s99608 r8192 d31464 u1048576
[    0.000000] PV qspinlock hash table entries: 256 (order: 0, 4096 bytes)
[    0.000000] Built 1 zonelists in Node order, mobility grouping on.  Total pages: 128888
[    0.000000] Policy zone: DMA32
[    0.000000] Kernel command line: BOOT_IMAGE=/boot/vmlinuz-4.4.0-141-generic root=LABEL=cloudimg-rootfs ro console=tty1 console=ttyS0
[    0.000000] PID hash table entries: 2048 (order: 2, 16384 bytes)
[    0.000000] Memory: 481616K/523832K available (8568K kernel code, 1314K rwdata, 4008K rodata, 1528K init, 1316K bss, 42216K reserved, 0K cma-reserved)
[    0.000000] SLUB: HWalign=64, Order=0-3, MinObjects=0, CPUs=2, Nodes=1
[    0.000000] Kernel/User page tables isolation: enabled
[    0.000000] Hierarchical RCU implementation.
[    0.000000] 	Build-time adjustment of leaf fanout to 64.
[    0.000000] 	RCU restricting CPUs from NR_CPUS=512 to nr_cpu_ids=2.
[    0.000000] RCU: Adjusting geometry for rcu_fanout_leaf=64, nr_cpu_ids=2
[    0.000000] NR_IRQS:33024 nr_irqs:440 16
[    0.000000] Console: colour VGA+ 80x25
[    0.000000] console [tty1] enabled
[    0.000000] console [ttyS0] enabled
[    0.000000] tsc: Detected 2904.002 MHz processor
[    0.382851] Calibrating delay loop (skipped) preset value.. 5808.00 BogoMIPS (lpj=11616008)
[    0.389583] pid_max: default: 32768 minimum: 301
[    0.392361] ACPI: Core revision 20150930
[    0.397976] ACPI: 2 ACPI AML tables successfully acquired and loaded
[    0.401552] Security Framework initialized
[    0.403736] Yama: becoming mindful.
[    0.405385] AppArmor: AppArmor initialized
[    0.407225] Dentry cache hash table entries: 65536 (order: 7, 524288 bytes)
[    0.410793] Inode-cache hash table entries: 32768 (order: 6, 262144 bytes)
[    0.415060] Mount-cache hash table entries: 1024 (order: 1, 8192 bytes)
[    0.419695] Mountpoint-cache hash table entries: 1024 (order: 1, 8192 bytes)
[    0.424362] Initializing cgroup subsys io
[    0.426581] Initializing cgroup subsys memory
[    0.429774] Initializing cgroup subsys devices
[    0.433375] Initializing cgroup subsys freezer
[    0.435977] Initializing cgroup subsys net_cls
[    0.439209] Initializing cgroup subsys perf_event
[    0.441403] Initializing cgroup subsys net_prio
[    0.443723] Initializing cgroup subsys hugetlb
[    0.445786] Initializing cgroup subsys pids
[    0.449315] mce: CPU supports 0 MCE banks
[    0.452035] Last level iTLB entries: 4KB 64, 2MB 8, 4MB 8
[    0.454430] Last level dTLB entries: 4KB 64, 2MB 0, 4MB 0, 1GB 4
[    0.459203] Spectre V2 : Mitigation: Full generic retpoline
[    0.461779] Spectre V2 : Spectre v2 mitigation: Speculation control IBPB not-supported IBRS not-supported
[    0.465859] Spectre V2 : Spectre v2 / SpectreRSB mitigation: Filling RSB on context switch
[    0.478873] Speculative Store Bypass: Vulnerable
[    0.493054] Freeing SMP alternatives memory: 32K
[    0.519212] ftrace: allocating 32291 entries in 127 pages
[    0.648913] smpboot: APIC(0) Converting physical 0 to logical package 0
[    0.651762] smpboot: Max logical packages: 1
[    0.654483] x2apic enabled
[    0.656690] Switched APIC routing to physical x2apic.
[    0.662562] ..TIMER: vector=0x30 apic1=0 pin1=2 apic2=-1 pin2=-1
[    0.772593] smpboot: CPU0: Intel(R) Core(TM) i7-7500U CPU @ 2.70GHz (family: 0x6, model: 0x8e, stepping: 0x9)
[    0.780281] Performance Events: unsupported p6 CPU model 142 no PMU driver, software events only.
[    0.786212] KVM setup paravirtual spinlock
[    0.790368] x86: Booting SMP configuration:
[    0.793840] .... node  #0, CPUs:      #1
[    0.796327] kvm-clock: cpu 1, msr 0:1ffe3041, secondary cpu clock
[    0.803522] mce: CPU supports 0 MCE banks
[    0.806755] x86: Booted up 1 node, 2 CPUs
[    0.809898] smpboot: Total of 2 processors activated (11616.00 BogoMIPS)
[    0.823370] devtmpfs: initialized
[    0.829364] evm: security.selinux
[    0.831337] evm: security.SMACK64
[    0.833586] evm: security.SMACK64EXEC
[    0.836278] evm: security.SMACK64TRANSMUTE
[    0.838969] evm: security.SMACK64MMAP
[    0.841554] evm: security.ima
[    0.843480] evm: security.capability
[    0.845964] clocksource: jiffies: mask: 0xffffffff max_cycles: 0xffffffff, max_idle_ns: 7645041785100000 ns
[    0.851356] futex hash table entries: 512 (order: 3, 32768 bytes)
[    0.855411] pinctrl core: initialized pinctrl subsystem
[    0.858278] RTC time:  6:52:39, date: 06/11/20
[    0.861025] NET: Registered protocol family 16
[    0.875155] cpuidle: using governor ladder
[    0.889790] cpuidle: using governor menu
[    0.893479] PCCT header not found.
[    0.896110] ACPI: bus type PCI registered
[    0.899781] acpiphp: ACPI Hot Plug PCI Controller Driver version: 0.5
[    0.905229] PCI: Using configuration type 1 for base access
[    0.924734] ACPI: Added _OSI(Module Device)
[    0.926675] ACPI: Added _OSI(Processor Device)
[    0.928854] ACPI: Added _OSI(3.0 _SCP Extensions)
[    0.930958] ACPI: Added _OSI(Processor Aggregator Device)
[    0.935026] ACPI: Executed 1 blocks of module-level executable AML code
[    0.943731] ACPI: Interpreter enabled
[    0.945543] ACPI: (supports S0 S5)
[    0.947110] ACPI: Using IOAPIC for interrupt routing
[    0.950103] PCI: Using host bridge windows from ACPI; if necessary, use "pci=nocrs" and report a bug
[    0.964694] ACPI: PCI Root Bridge [PCI0] (domain 0000 [bus 00-ff])
[    0.967840] acpi PNP0A03:00: _OSC: OS supports [ASPM ClockPM Segments MSI]
[    0.972997] acpi PNP0A03:00: _OSC: not requesting OS control; OS requires [ExtendedConfig ASPM ClockPM MSI]
[    0.977897] acpi PNP0A03:00: fail to add MMCONFIG information, can't access extended PCI configuration space under this bridge.
[    0.984004] PCI host bridge to bus 0000:00
[    0.986601] pci_bus 0000:00: root bus resource [io  0x0000-0x0cf7 window]
[    0.990278] pci_bus 0000:00: root bus resource [io  0x0d00-0xffff window]
[    0.993249] pci_bus 0000:00: root bus resource [mem 0x000a0000-0x000bffff window]
[    0.996756] pci_bus 0000:00: root bus resource [mem 0x20000000-0xfdffffff window]
[    1.000662] pci_bus 0000:00: root bus resource [bus 00-ff]
[    1.007218] pci 0000:00:01.1: legacy IDE quirk: reg 0x10: [io  0x01f0-0x01f7]
[    1.010768] pci 0000:00:01.1: legacy IDE quirk: reg 0x14: [io  0x03f6]
[    1.014573] pci 0000:00:01.1: legacy IDE quirk: reg 0x18: [io  0x0170-0x0177]
[    1.018134] pci 0000:00:01.1: legacy IDE quirk: reg 0x1c: [io  0x0376]
[    1.077630] pci 0000:00:07.0: quirk: [io  0x4000-0x403f] claimed by PIIX4 ACPI
[    1.081719] pci 0000:00:07.0: quirk: [io  0x4100-0x410f] claimed by PIIX4 SMB
[    1.102249] ACPI: PCI Interrupt Link [LNKA] (IRQs 5 9 10 *11)
[    1.106836] ACPI: PCI Interrupt Link [LNKB] (IRQs 5 9 *10 11)
[    1.111551] ACPI: PCI Interrupt Link [LNKC] (IRQs 5 *9 10 11)
[    1.115466] ACPI: PCI Interrupt Link [LNKD] (IRQs 5 9 10 *11)
[    1.119100] ACPI: Enabled 2 GPEs in block 00 to 07
[    1.122416] vgaarb: setting as boot device: PCI:0000:00:02.0
[    1.124784] vgaarb: device added: PCI:0000:00:02.0,decodes=io+mem,owns=io+mem,locks=none
[    1.128891] vgaarb: loaded
[    1.130675] vgaarb: bridge control possible 0000:00:02.0
[    1.134316] SCSI subsystem initialized
[    1.136594] ACPI: bus type USB registered
[    1.138857] usbcore: registered new interface driver usbfs
[    1.141323] usbcore: registered new interface driver hub
[    1.144247] usbcore: registered new device driver usb
[    1.147272] PCI: Using ACPI for IRQ routing
[    1.149766] NetLabel: Initializing
[    1.151907] NetLabel:  domain hash size = 128
[    1.154397] NetLabel:  protocols = UNLABELED CIPSOv4
[    1.157132] NetLabel:  unlabeled traffic allowed by default
[    1.160483] amd_nb: Cannot enumerate AMD northbridges
[    1.163813] clocksource: Switched to clocksource kvm-clock
[    1.183182] AppArmor: AppArmor Filesystem Enabled
[    1.185934] pnp: PnP ACPI init
[    1.189347] pnp: PnP ACPI: found 3 devices
[    1.209783] clocksource: acpi_pm: mask: 0xffffff max_cycles: 0xffffff, max_idle_ns: 2085701024 ns
[    1.214375] NET: Registered protocol family 2
[    1.217294] TCP established hash table entries: 4096 (order: 3, 32768 bytes)
[    1.221628] TCP bind hash table entries: 4096 (order: 4, 65536 bytes)
[    1.225950] TCP: Hash tables configured (established 4096 bind 4096)
[    1.229457] UDP hash table entries: 256 (order: 1, 8192 bytes)
[    1.233019] UDP-Lite hash table entries: 256 (order: 1, 8192 bytes)
[    1.237217] NET: Registered protocol family 1
[    1.240157] pci 0000:00:00.0: Limiting direct PCI/PCI transfers
[    1.243977] pci 0000:00:01.0: Activating ISA DMA hang workarounds
[    1.252495] Unpacking initramfs...
[    1.706900] Freeing initrd memory: 14808K
[    1.710015] platform rtc_cmos: registered platform RTC device (no PNP device found)
[    1.715281] Scanning for low memory corruption every 60 seconds
[    1.720402] audit: initializing netlink subsys (disabled)
[    1.722679] audit: type=2000 audit(1591858365.443:1): initialized
[    1.725733] Initialise system trusted keyring
[    1.727919] HugeTLB registered 2 MB page size, pre-allocated 0 pages
[    1.733442] zbud: loaded
[    1.735986] VFS: Disk quotas dquot_6.6.0
[    1.738384] VFS: Dquot-cache hash table entries: 512 (order 0, 4096 bytes)
[    1.742254] squashfs: version 4.0 (2009/01/31) Phillip Lougher
[    1.745625] fuse init (API version 7.23)
[    1.747933] Key type big_key registered
[    1.749944] Allocating IMA MOK and blacklist keyrings.
[    2.256992] Key type asymmetric registered
[    2.259704] Asymmetric key parser 'x509' registered
[    2.262249] Block layer SCSI generic (bsg) driver version 0.4 loaded (major 249)
[    2.266314] io scheduler noop registered
[    2.268774] io scheduler deadline registered (default)
[    2.271436] io scheduler cfq registered
[    2.274075] pci_hotplug: PCI Hot Plug PCI Core version: 0.5
[    2.277321] pciehp: PCI Express Hot Plug Controller Driver version: 0.4
[    2.280692] ACPI: AC Adapter [AC] (on-line)
[    2.283677] input: Power Button as /devices/LNXSYSTM:00/LNXPWRBN:00/input/input0
[    2.288990] ACPI: Power Button [PWRF]
[    2.291500] input: Sleep Button as /devices/LNXSYSTM:00/LNXSLPBN:00/input/input1
[    2.295161] ACPI: Sleep Button [SLPF]
[    2.297643] GHES: HEST is not enabled!
[    2.299205] ACPI: Battery Slot [BAT0] (battery present)
[    2.303523] Serial: 8250/16550 driver, 32 ports, IRQ sharing enabled
[    2.327645] 00:02: ttyS0 at I/O 0x3f8 (irq = 4, base_baud = 115200) is a 16550A
[    2.337902] Linux agpgart interface v0.103
[    2.344668] loop: module loaded
[    2.347868] scsi host0: ata_piix
[    2.350094] scsi host1: ata_piix
[    2.352699] ata1: PATA max UDMA/33 cmd 0x1f0 ctl 0x3f6 bmdma 0xd000 irq 14
[    2.356024] ata2: PATA max UDMA/33 cmd 0x170 ctl 0x376 bmdma 0xd008 irq 15
[    2.361345] libphy: Fixed MDIO Bus: probed
[    2.364580] tun: Universal TUN/TAP device driver, 1.6
[    2.366661] tun: (C) 1999-2004 Max Krasnyansky <maxk@qualcomm.com>
[    2.370223] PPP generic driver version 2.4.2
[    2.378923] ehci_hcd: USB 2.0 'Enhanced' Host Controller (EHCI) Driver
[    2.381858] ehci-pci: EHCI PCI platform driver
[    2.383866] ehci-platform: EHCI generic platform driver
[    2.386551] ohci_hcd: USB 1.1 'Open' Host Controller (OHCI) Driver
[    2.389425] ohci-pci: OHCI PCI platform driver
[    2.391767] ohci-platform: OHCI generic platform driver
[    2.394866] uhci_hcd: USB Universal Host Controller Interface driver
[    2.398326] i8042: PNP: PS/2 Controller [PNP0303:PS2K,PNP0f03:PS2M] at 0x60,0x64 irq 1,12
[    2.404091] serio: i8042 KBD port at 0x60,0x64 irq 1
[    2.407337] serio: i8042 AUX port at 0x60,0x64 irq 12
[    2.410590] mousedev: PS/2 mouse device common for all mice
[    2.417515] input: AT Translated Set 2 keyboard as /devices/platform/i8042/serio0/input/input2
[    2.423946] rtc_cmos rtc_cmos: rtc core: registered rtc_cmos as rtc0
[    2.427009] rtc_cmos rtc_cmos: alarms up to one day, 114 bytes nvram
[    2.430212] i2c /dev entries driver
[    2.432523] device-mapper: uevent: version 1.0.3
[    2.435619] device-mapper: ioctl: 4.34.0-ioctl (2015-10-28) initialised: dm-devel@redhat.com
[    2.439504] ledtrig-cpu: registered to indicate activity on CPUs
[    2.443571] NET: Registered protocol family 10
[    2.446076] NET: Registered protocol family 17
[    2.448940] Key type dns_resolver registered
[    2.453143] registered taskstats version 1
[    2.455278] Loading compiled-in X.509 certificates
[    2.458354] Loaded X.509 cert 'Build time autogenerated kernel key: 7c9fb337b82e5a343493fe891c556beae1895c7c'
[    2.464426] zswap: loaded using pool lzo/zbud
[    2.477428] Key type trusted registered
[    2.983972] clocksource: tsc: mask: 0xffffffffffffffff max_cycles: 0x29dc079b5d9, max_idle_ns: 440795223751 ns
[    3.013498] Key type encrypted registered
[    3.018379] AppArmor: AppArmor sha1 policy hashing enabled
[    3.023418] ima: No TPM chip found, activating TPM-bypass!
[    3.027320] ima: Allocated hash algorithm: sha1
[    3.030445] evm: HMAC attrs: 0x1
[    3.033831]   Magic number: 8:798:872
[    3.037794] rtc_cmos rtc_cmos: setting system clock to 2020-06-11 06:52:41 UTC (1591858361)
[    3.042594] BIOS EDD facility v0.16 2004-Jun-25, 0 devices found
[    3.045887] EDD information not available.
[    3.051896] Freeing unused kernel memory: 1528K
[    3.067242] Write protecting the kernel read-only data: 14336k
[    3.071571] Freeing unused kernel memory: 1660K
[    3.074155] Freeing unused kernel memory: 88K
Loading, please wait...
starting version 229
[    3.102650] random: systemd-udevd: uninitialized urandom read (16 bytes read, 5 bits of entropy available)
[    3.104431] random: udevadm: uninitialized urandom read (16 bytes read, 5 bits of entropy available)
[    3.104465] random: udevadm: uninitialized urandom read (16 bytes read, 5 bits of entropy available)
[    3.126275] random: systemd-udevd: uninitialized urandom read (16 bytes read, 5 bits of entropy available)
[    3.128394] random: udevadm: uninitialized urandom read (16 bytes read, 5 bits of entropy available)
[    3.128482] random: udevadm: uninitialized urandom read (16 bytes read, 5 bits of entropy available)
[    3.128836] random: udevadm: uninitialized urandom read (16 bytes read, 5 bits of entropy available)
[    3.128920] random: udevadm: uninitialized urandom read (16 bytes read, 5 bits of entropy available)
[    3.129002] random: udevadm: uninitialized urandom read (16 bytes read, 5 bits of entropy available)
[    3.129083] random: udevadm: uninitialized urandom read (16 bytes read, 5 bits of entropy available)
[    3.245501] e1000: Intel(R) PRO/1000 Network Driver - version 7.3.21-k8-NAPI
[    3.252128] e1000: Copyright (c) 1999-2006 Intel Corporation.
[    3.313715] Fusion MPT base driver 3.04.20
[    3.316279] Copyright (c) 1999-2008 LSI Corporation
[    3.384860] Fusion MPT SPI Host driver 3.04.20
[    3.386065] AVX2 version of gcm_enc/dec engaged.
[    3.386066] AES CTR mode by8 optimization enabled
[    3.532679] input: ImExPS/2 Generic Explorer Mouse as /devices/platform/i8042/serio1/input/input4
[    4.081009] e1000 0000:00:03.0 eth0: (PCI:33MHz:32-bit) 02:9c:d2:53:c1:d1
[    4.084736] e1000 0000:00:03.0 eth0: Intel(R) PRO/1000 Network Connection
[    4.887342] e1000 0000:00:08.0 eth1: (PCI:33MHz:32-bit) 08:00:27:63:17:ea
[    4.890534] e1000 0000:00:08.0 eth1: Intel(R) PRO/1000 Network Connection
[    4.895044] e1000 0000:00:08.0 enp0s8: renamed from eth1
[    4.898294] mptbase: ioc0: Initiating bringup
[    4.908874] e1000 0000:00:03.0 enp0s3: renamed from eth0
[    4.961017] ioc0: LSI53C1030 A0: Capabilities={Initiator}
[    5.139498] scsi host2: ioc0: LSI53C1030 A0, FwRev=00000000h, Ports=1, MaxQ=256, IRQ=20
[    5.254556] scsi 2:0:0:0: Direct-Access     VBOX     HARDDISK         1.0  PQ: 0 ANSI: 5
[    5.268010] scsi target2:0:0: Beginning Domain Validation
[    5.291262] scsi target2:0:0: Domain Validation skipping write tests
[    5.300694] scsi target2:0:0: Ending Domain Validation
[    5.310848] scsi target2:0:0: asynchronous
[    5.324624] scsi 2:0:1:0: Direct-Access     VBOX     HARDDISK         1.0  PQ: 0 ANSI: 5
[    5.336363] scsi target2:0:1: Beginning Domain Validation
[    5.388169] scsi target2:0:1: Domain Validation skipping write tests
[    5.391145] scsi target2:0:1: Ending Domain Validation
[    5.393614] scsi target2:0:1: asynchronous
[    5.405932] sd 2:0:0:0: Attached scsi generic sg0 type 0
[    5.409415] sd 2:0:0:0: [sda] 20971520 512-byte logical blocks: (10.7 GB/10.0 GiB)
[    5.416384] sd 2:0:0:0: [sda] Write Protect is off
[    5.416446] sd 2:0:1:0: [sdb] 20480 512-byte logical blocks: (10.5 MB/10.0 MiB)
[    5.416533] sd 2:0:1:0: Attached scsi generic sg1 type 0
[    5.428111] sd 2:0:1:0: [sdb] Write Protect is off
[    5.428409] sd 2:0:0:0: [sda] Incomplete mode parameter data
[    5.428413] sd 2:0:0:0: [sda] Assuming drive cache: write through
[    5.435923]  sda: sda1
[    5.437523] sd 2:0:0:0: [sda] Attached SCSI disk
[    5.442931] sd 2:0:1:0: [sdb] Incomplete mode parameter data
[    5.445211] sd 2:0:1:0: [sdb] Assuming drive cache: write through
[    5.454808] sd 2:0:1:0: [sdb] Attached SCSI disk
Begin: Loading essential drivers ... [    7.488096] md: linear personality registered for level -1
[    7.496397] md: multipath personality registered for level -4
[    7.503804] md: raid0 personality registered for level 0
[    7.512148] md: raid1 personality registered for level 1
[    7.587988] raid6: sse2x1   gen()  5095 MB/s
[    7.656263] raid6: sse2x1   xor()  4328 MB/s
[    7.729962] raid6: sse2x2   gen()  7041 MB/s
[    7.800261] raid6: sse2x2   xor()  4559 MB/s
[    7.868576] raid6: sse2x4   gen()  8008 MB/s
[    7.935877] raid6: sse2x4   xor()  5431 MB/s
[    8.004224] raid6: avx2x1   gen() 11025 MB/s
[    8.072034] raid6: avx2x2   gen() 12291 MB/s
[    8.140408] raid6: avx2x4   gen() 12036 MB/s
[    8.144155] raid6: using algorithm avx2x2 gen() 12291 MB/s
[    8.147142] raid6: using avx2x2 recovery algorithm
[    8.152230] xor: automatically using best checksumming function:
[    8.192145]    avx       : 13738.000 MB/sec
[    8.196494] async_tx: api initialized (async)
[    8.214405] md: raid6 personality registered for level 6
[    8.218074] md: raid5 personality registered for level 5
[    8.222168] md: raid4 personality registered for level 4
[    8.237349] md: raid10 personality registered for level 10
done.
Begin: Running /scripts/init-premount ... done.
Begin: Mounting root file system ... Begin: Running /scripts/local-top ... done.
Begin: Running /scripts/local-premount ... [    8.310147] Btrfs loaded
Scanning for Btrfs filesystems
done.
Warning: fsck not present, so skipping root file system
[    8.378624] EXT4-fs (sda1): mounted filesystem with ordered data mode. Opts: (null)
done.
Begin: Running /scripts/local-bottom ... done.
Begin: Running /scripts/init-bottom ... done.
[    8.584078] systemd[1]: systemd 229 running in system mode. (+PAM +AUDIT +SELINUX +IMA +APPARMOR +SMACK +SYSVINIT +UTMP +LIBCRYPTSETUP +GCRYPT +GNUTLS +ACL +XZ -LZ4 +SECCOMP +BLKID +ELFUTILS +KMOD -IDN)
[    8.593150] systemd[1]: Detected virtualization oracle.
[    8.595239] systemd[1]: Detected architecture x86-64.

Welcome to [1mUbuntu 16.04.5 LTS[0m!

[    8.605771] systemd[1]: Set hostname to <ubuntu>.
[    8.611969] systemd[1]: Initializing machine ID from random generator.
[    8.615980] systemd[1]: Installed transient /etc/machine-id file.
[    8.867099] systemd[1]: Reached target Encrypted Volumes.
[[0;32m  OK  [0m] Reached target Encrypted Volumes.
[    8.873956] systemd[1]: Created slice System Slice.
[[0;32m  OK  [0m] Created slice System Slice.
[    8.880317] systemd[1]: Listening on udev Kernel Socket.
[[0;32m  OK  [0m] Listening on udev Kernel Socket.
[    8.887095] systemd[1]: Listening on LVM2 metadata daemon socket.
[[0;32m  OK  [0m] Listening on LVM2 metadata daemon socket.
[    8.892761] systemd[1]: Started Trigger resolvconf update for networkd DNS.
[[0;32m  OK  [0m] Started Trigger resolvconf update for networkd DNS.
[    8.997233] systemd[1]: Started Forward Password Requests to Wall Directory Watch.
[[0;32m  OK  [0m] Started Forward Password Requests to Wall Directory Watch.
[    9.005977] systemd[1]: Reached target Swap.
[[0;32m  OK  [0m] Reached target Swap.
[    9.013835] systemd[1]: Created slice User and Session Slice.
[[0;32m  OK  [0m] Created slice User and Session Slice.
[    9.420410] systemd[1]: Reached target Slices.
[[0;32m  OK  [0m] Reached target Slices.
[    9.429755] systemd[1]: Listening on Journal Socket (/dev/log).
[[0;32m  OK  [0m] Listening on Journal Socket (/dev/log).
[    9.440083] systemd[1]: Created slice system-serial\x2dgetty.slice.
[[0;32m  OK  [0m] Created slice system-serial\x2dgetty.slice.
[    9.452629] systemd[1]: Listening on Syslog Socket.
[[0;32m  OK  [0m] Listening on Syslog Socket.
[    9.458264] systemd[1]: Listening on Journal Socket.
[[0;32m  OK  [0m] Listening on Journal Socket.
[    9.485627] systemd[1]: Starting Uncomplicated firewall...
         Starting Uncomplicated firewall...
[    9.506358] systemd[1]: Mounting Huge Pages File System...
         Mounting Huge Pages File System...
[    9.544847] systemd[1]: Starting Set console keymap...
         Starting Set console keymap...
[    9.555311] systemd[1]: Starting Create list of required static device nodes for the current kernel...
         Starting Create list of required st... nodes for the current kernel...
[    9.567007] systemd[1]: Listening on LVM2 poll daemon socket.
[[0;32m  OK  [0m] Listening on LVM2 poll daemon socket.
[    9.592276] systemd[1]: Starting Load Kernel Modules...
[    9.595260] random: nonblocking pool is initialized
         Starting Load Kernel Modules...
[    9.602100] systemd[1]: Starting Remount Root and Kernel File Systems...
         Starting Remount Root and Kernel File Systems...[    9.611394] EXT4-fs (sda1): re-mounted. Opts: (null)

[    9.613610] systemd[1]: Set up automount Arbitrary Executable File Formats File System Automount Point.
[[0;32m  OK  [0m] Set up automount Arbitrary Executab...ats File System Automount Point.
[    9.634514] Loading iSCSI transport class v2.0-870.
[    9.644156] systemd[1]: Mounting Debug File System...
         Mounting Debug File System...
[    9.652392] systemd[1]: Listening on udev Control Socket.
[[0;32m  OK  [0m] Listening on udev Control Socket.
[    9.662638] systemd[1]: Starting Nameserver information manager...
         Starting Nameserver information manager...[    9.671085] iscsi: registered transport (tcp)

[    9.673769] systemd[1]: Reached target User and Group Name Lookups.
[[0;32m  OK  [0m] Reached target User and Group Name Lookups.
[    9.683941] systemd[1]: Listening on Device-mapper event daemon FIFOs.
[[0;32m  OK  [0m] Listening on Device-mapper event daemon FIFOs.
[    9.728415] systemd[1]: Starting Monitoring of LVM2 mirrors, snapshots etc. using dmeventd or progress polling...
         Starting Monitoring of LVM2 mirrors... dmeventd or progress polling...
[    9.745043] systemd[1]: Mounting POSIX Message Queue File System...
         Mounting POSIX Message Queue File System...
[    9.768754] systemd[1]: Listening on /dev/initctl Compatibility Named Pipe.
[[0;32m  OK  [0m] Listening on /dev/initctl Compatibility Named Pipe.
[    9.779350] systemd[1]: Listening on Journal Audit Socket.
[[0;32m  OK  [0m] Listening on Journal Audit Socket.
[    9.804732] systemd[1]: Starting Journal Service...
         Starting Journal Service...
[    9.815006] systemd[1]: Reached target System Time Synchronized.
[[0;32m  OK  [0m] Reached target System Time Synchronized.
[    9.824866] systemd[1]: Mounted Debug File System.
[    9.833024] iscsi: registered transport (iser)
[[0;32m  OK  [0m] Mounted Debug File System.
[    9.845567] systemd[1]: Mounted Huge Pages File System.
[[0;32m  OK  [0m] Mounted Huge Pages File System.
[    9.852081] systemd[1]: Mounted POSIX Message Queue File System.
[[0;32m  OK  [0m] Mounted POSIX Message Queue File System.
[    9.860134] systemd[1]: Started Uncomplicated firewall.
[[0;32m  OK  [0m] Started Uncomplicated firewall.
[    9.869830] systemd[1]: Started Set console keymap.
[[0;32m  OK  [0m] Started Set console keymap.
[    9.877800] systemd[1]: Started Create list of required static device nodes for the current kernel.
[[0;32m  OK  [0m] Started Create list of required sta...ce nodes for the current kernel.
[    9.887904] systemd[1]: Started Load Kernel Modules.
[[0;32m  OK  [0m] Started Load Kernel Modules.
[    9.895012] systemd[1]: Started Remount Root and Kernel File Systems.
[[0;32m  OK  [0m] Started Remount Root and Kernel File Systems.
[    9.915591] systemd[1]: Started Journal Service.
[[0;32m  OK  [0m] Started Journal Service.
[[0;32m  OK  [0m] Started Nameserver information manager.
[[0;32m  OK  [0m] Started LVM2 metadata daemon.
         Starting Flush Journal to Persistent Storage...
         Starting udev Coldplug all Devices...
         Starting Load/Save Random Seed...
         Mounting FUSE Control File System...
         Starting Apply Kernel Variables...
         Starting Create Static Device Nodes in /dev...
[[0;32m  OK  [0m] Mounted FUSE Control File System.
[[0;32m  OK  [0m] Started Load/Save Random Seed.
[[0;32m  OK  [0m] Started Apply Kernel Variables.
[[0;32m  OK  [0m] Started Create Static Device Nodes in /dev.
[[0;32m  OK  [0m] Started Flush Journal to Persistent Storage.
[[0;32m  OK  [0m] Started udev Coldplug all Devices.
         Starting udev Kernel Device Manager...
[[0;32m  OK  [0m] Started udev Kernel Device Manager.
[[0;32m  OK  [0m] Started Dispatch Password Requests to Console Directory Watch.
[[0;32m  OK  [0m] Started Monitoring of LVM2 mirrors,...ng dmeventd or progress polling.
[[0;32m  OK  [0m] Reached target Local File Systems (Pre).
[[0;32m  OK  [0m] Reached target Local File Systems.
         Starting Initial cloud-init job (pre-networking)...
         Starting Tell Plymouth To Write Out Runtime Data...
         Starting Commit a transient machine-id on disk...
         Starting Create Volatile Files and Directories...
         Starting LSB: AppArmor initialization...
         Starting Set console font and keymap...
[[0;32m  OK  [0m] Started Tell Plymouth To Write Out Runtime Data.
[[0;32m  OK  [0m] Started Commit a transient machine-id on disk.
[[0;32m  OK  [0m] Started Create Volatile Files and Directories.
         Starting Update UTMP about System Boot/Shutdown...
[[0;32m  OK  [0m] Started Update UTMP about System Boot/Shutdown.
[[0;32m  OK  [0m] Found device /dev/ttyS0.
[[0;32m  OK  [0m] Listening on Load/Save RF Kill Switch Status /dev/rfkill Watch.
[[0;32m  OK  [0m] Started Initial cloud-init job (pre-networking).
[   13.430729] cloud-init[489]: Cloud-init v. 18.4-0ubuntu1~16.04.2 running 'init-local' at Thu, 11 Jun 2020 06:52:51 +0000. Up 12.37 seconds.
[[0;32m  OK  [0m] Reached target Network (Pre).
[[0;32m  OK  [0m] Started Set console font and keymap.
[[0;32m  OK  [0m] Created slice system-getty.slice.
[[0;32m  OK  [0m] Started LSB: AppArmor initialization.
         Starting Raise network interfaces...
[[0;32m  OK  [0m] Started Raise network interfaces.
[[0;32m  OK  [0m] Reached target Network.
         Starting Initial cloud-init job (metadata service crawler)...
[   17.692852] cloud-init[947]: Cloud-init v. 18.4-0ubuntu1~16.04.2 running 'init' at Thu, 11 Jun 2020 06:52:55 +0000. Up 16.57 seconds.
[   17.697938] cloud-init[947]: ci-info: ++++++++++++++++++++++++++++++++++++++Net device info+++++++++++++++++++++++++++++++++++++++
[   17.705353] cloud-init[947]: ci-info: +--------+-------+----------------------------+---------------+--------+-------------------+
[   17.709926] cloud-init[947]: ci-info: | Device |   Up  |          Address           |      Mask     | Scope  |     Hw-Address    |
[   17.714360] cloud-init[947]: ci-info: +--------+-------+----------------------------+---------------+--------+-------------------+
[   17.720225] cloud-init[947]: ci-info: | enp0s3 |  True |         10.0.2.15          | 255.255.255.0 | global | 02:9c:d2:53:c1:d1 |
[   17.749256] cloud-init[947]: ci-info: | enp0s3 |  True | fe80::9c:d2ff:fe53:c1d1/64 |       .       |  link  | 02:9c:d2:53:c1:d1 |
[   17.782223] cloud-init[947]: ci-info: | enp0s8 | False |             .              |       .       |   .    | 08:00:27:63:17:ea |
[   17.793087] cloud-init[947]: ci-info: |   lo   |  True |         127.0.0.1          |   255.0.0.0   |  host  |         .         |
[   17.800003] cloud-init[947]: ci-info: |   lo   |  True |          ::1/128           |       .       |  host  |         .         |
[   17.811156] cloud-init[947]: ci-info: +--------+-------+----------------------------+---------------+--------+-------------------+
[   17.825203] cloud-init[947]: ci-info: +++++++++++++++++++++++++++Route IPv4 info++++++++++++++++++++++++++++
[   17.831003] cloud-init[947]: ci-info: +-------+-------------+----------+---------------+-----------+-------+
[   17.847409] cloud-init[947]: ci-info: | Route | Destination | Gateway  |    Genmask    | Interface | Flags |
[   17.860221] cloud-init[947]: ci-info: +-------+-------------+----------+---------------+-----------+-------+
[   17.863774] cloud-init[947]: ci-info: |   0   |   0.0.0.0   | 10.0.2.2 |    0.0.0.0    |   enp0s3  |   UG  |
[   17.869550] cloud-init[947]: ci-info: |   1   |   10.0.2.0  | 0.0.0.0  | 255.255.255.0 |   enp0s3  |   U   |
[   17.876522] cloud-init[947]: ci-info: +-------+-------------+----------+---------------+-----------+-------+
[   17.880682] cloud-init[947]: ci-info: +++++++++++++++++++Route IPv6 info+++++++++++++++++++
[   17.896942] cloud-init[947]: ci-info: +-------+-------------+---------+-----------+-------+
[   17.908123] cloud-init[947]: ci-info: | Route | Destination | Gateway | Interface | Flags |
[   17.912538] cloud-init[947]: ci-info: +-------+-------------+---------+-----------+-------+
[   17.918998] cloud-init[947]: ci-info: |   0   |  fe80::/64  |    ::   |   enp0s3  |   U   |
[   17.925099] cloud-init[947]: ci-info: |   3   |   ff00::/8  |    ::   |   enp0s3  |   U   |
[   17.929129] cloud-init[947]: ci-info: +-------+-------------+---------+-----------+-------+
[   17.932952] cloud-init[947]: Generating public/private rsa key pair.
[   17.939301] cloud-init[947]: Your identification has been saved in /etc/ssh/ssh_host_rsa_key.
[   17.944947] cloud-init[947]: Your public key has been saved in /etc/ssh/ssh_host_rsa_key.pub.
[   17.951559] cloud-init[947]: The key fingerprint is:
[   17.956582] cloud-init[947]: SHA256:RcbvF4BQhzEdCNJni+/65iu8TA4H3UdTk726a+9LXxs root@ubuntu-xenial
[   17.962150] cloud-init[947]: The key's randomart image is:
[   17.977809] cloud-init[947]: +---[RSA 2048]----+
[   17.980285] cloud-init[947]: |      ..o=**o.oo |
[   17.987405] cloud-init[947]: |       ..oBoo....|
[   17.990065] cloud-init[947]: |         +.oo.  .|
[   17.992146] cloud-init[947]: |       ..o...... |
[   17.994981] cloud-init[947]: |      . S.... .. |
[   17.996912] cloud-init[947]: |       .  .....  |
[   18.001325] cloud-init[947]: |      ..o.   ..E.|
[   18.006681] cloud-init[947]: |       *o o  o. =|
[   18.008504] cloud-init[947]: |        =B+...+=o|
[   18.010079] cloud-init[947]: +----[SHA256]-----+
[   18.011673] cloud-init[947]: Generating public/private dsa key pair.
[   18.014548] cloud-init[947]: Your identification has been saved in /etc/ssh/ssh_host_dsa_key.
[   18.019470] cloud-init[947]: Your public key has been saved in /etc/ssh/ssh_host_dsa_key.pub.
[   18.022870] cloud-init[947]: The key fingerprint is:
[   18.025249] cloud-init[947]: SHA256:j1MKLbbonTlRfTnzXwePVj/hlLuHtAPm9bYkDczVW1Y root@ubuntu-xenial
[   18.028866] cloud-init[947]: The key's randomart image is:
[   18.031693] cloud-init[947]: +---[DSA 1024]----+
[   18.034887] cloud-init[947]: |                E|
[   18.044837] cloud-init[947]: |                o|
[   18.048360] cloud-init[947]: |         .   . .=|
[   18.053559] cloud-init[947]: |       .. . B o=+|
[   18.057513] cloud-init[947]: |      +.S .. Bo*+|
[   18.059953] cloud-init[947]: |     o.+ =  o O+=|
[   18.062020] cloud-init[947]: |    . ..+ .o * B=|
[   18.065015] cloud-init[947]: |   . ..o .  . *.=|
[   18.067552] cloud-init[947]: |    . +.       +o|
[   18.069768] cloud-init[947]: +----[SHA256]-----+
[   18.073940] cloud-init[947]: Generating public/private ecdsa key pair.
[   18.076734] cloud-init[947]: Your identification has been saved in /etc/ssh/ssh_host_ecdsa_key.
[   18.079783] cloud-init[947]: Your public key has been saved in /etc/ssh/ssh_host_ecdsa_key.pub.
[   18.083301] cloud-init[947]: The key fingerprint is:
[   18.085857] cloud-init[947]: SHA256:dpC5HRmSNFHLobC3fk+x37tS+iKNqg42B7Ovr9LUhr4 root@ubuntu-xenial
[   18.089550] cloud-init[947]: The key's randomart image is:
[   18.091999] cloud-init[947]: +---[ECDSA 256]---+
[   18.094481] cloud-init[947]: |      ..=++      |
[   18.097882] cloud-init[947]: |       o.B =     |
[   18.100362] cloud-init[947]: |      . * =      |
[   18.103049] cloud-init[947]: |       . = .     |
[   18.113126] cloud-init[947]: |     oo S o .    |
[   18.115047] cloud-init[947]: |     o+= .   o . |
[   18.117521] cloud-init[947]: |    +=... . = o  |
[   18.119439] cloud-init[947]: |   ..o=  . = * . |
[   18.121012] cloud-init[947]: |    .E*=... o =++|
[   18.123068] cloud-init[947]: +----[SHA256]-----+
[   18.124677] cloud-init[947]: Generating public/private ed25519 key pair.
[   18.127466] cloud-init[947]: Your identification has been saved in /etc/ssh/ssh_host_ed25519_key.
[   18.130382] cloud-init[947]: Your public key has been saved in /etc/ssh/ssh_host_ed25519_key.pub.
[   18.133678] cloud-init[947]: The key fingerprint is:
[   18.141245] cloud-init[947]: SHA256:4wkUqy+V/xLFgDwokGC/Aw1FMjMfGaKOza+30qVg1R8 root@ubuntu-xenial
[   18.141542] cloud-init[947]: The key's randomart image is:
[   18.142710] cloud-init[947]: +--[ED25519 256]--+
[   18.144933] cloud-init[947]: |+@o=oo..         |
[   18.146030] cloud-init[947]: |+ %.o +o.        |
[   18.146579] cloud-init[947]: |.. = .o. o       |
[   18.147045] cloud-init[947]: |oo. oo..E o      |
[   18.147679] cloud-init[947]: |..o+. +.So       |
[   18.147972] cloud-init[947]: |  o..o.+oo       |
[   18.148391] cloud-init[947]: | . ooo. +.       |
[   18.149856] cloud-init[947]: |  ..+.  ..       |
[   18.150187] cloud-init[947]: |  .o..   ..      |
[   18.150577] cloud-init[947]: +----[SHA256]-----+
[[0;32m  OK  [0m] Started Initial cloud-init job (metadata service crawler).
[[0;32m  OK  [0m] Reached target Network is Online.
         Starting iSCSI initiator daemon (iscsid)...
[[0;32m  OK  [0m] Reached target System Initialization.
         Starting Socket activation for snappy daemon.
[[0;32m  OK  [0m] Listening on UUID daemon activation socket.
[[0;32m  OK  [0m] Started Daily apt download activities.
[[0;32m  OK  [0m] Started ACPI Events Check.
[[0;32m  OK  [0m] Reached target Paths.
[[0;32m  OK  [0m] Started Daily apt upgrade and clean activities.
         Starting LXD - unix socket.
[[0;32m  OK  [0m] Listening on ACPID Listen Socket.
[[0;32m  OK  [0m] Started Daily Cleanup of Temporary Directories.
[[0;32m  OK  [0m] Reached target Timers.
[[0;32m  OK  [0m] Listening on D-Bus System Message Bus Socket.
[[0;32m  OK  [0m] Reached target Cloud-config availability.
[[0;32m  OK  [0m] Listening on Socket activation for snappy daemon.
[[0;32m  OK  [0m] Listening on LXD - unix socket.
[[0;32m  OK  [0m] Started iSCSI initiator daemon (iscsid).
         Starting Login to default iSCSI targets...
[[0;32m  OK  [0m] Reached target Sockets.
[[0;32m  OK  [0m] Reached target Basic System.
         Starting Accounts Service...
         Starting LSB: Record successful boot for GRUB...
[[0;32m  OK  [0m] Started Unattended Upgrades Shutdown.
         Starting LSB: MD monitoring daemon...
[[0;32m  OK  [0m] Started ACPI event daemon.
         Starting LXD - container startup/shutdown...
[[0;32m  OK  [0m] Started Deferred execution scheduler.
         Starting Virtualbox guest utils...
         Starting Login Service...
[[0;32m  OK  [0m] Started D-Bus System Message Bus.
         Starting Pollinate to seed the pseudo random number generator...
         Starting /etc/rc.local Compatibility...
[[0;32m  OK  [0m] Started FUSE filesystem for LXC.
[[0;32m  OK  [0m] Started Regular background program processing daemon.
         Starting System Logging Service...
         Starting Snappy daemon...
[[0;32m  OK  [0m] Started /etc/rc.local Compatibility.
[[0;32m  OK  [0m] Started System Logging Service.
[[0;32m  OK  [0m] Started Login to default iSCSI targets.
[[0;32m  OK  [0m] Started LSB: MD monitoring daemon.
[[0;32m  OK  [0m] Started LXD - container startup/shutdown.
[[0;32m  OK  [0m] Started LSB: Record successful boot for GRUB.
[[0;32m  OK  [0m] Started Login Service.
         Starting Authenticate and Authorize Users to Run Privileged Tasks...
[[0;32m  OK  [0m] Reached target Remote File Systems (Pre).
[[0;32m  OK  [0m] Reached target Remote File Systems.
         Starting Permit User Sessions...
         Starting LSB: daemon to balance interrupts for SMP systems...
         Starting LSB: automatic crash report generation...
         Starting LSB: Set the CPU Frequency Scaling governor to "ondemand"...
[[0;32m  OK  [0m] Started Permit User Sessions.
[[0;32m  OK  [0m] Started Authenticate and Authorize Users to Run Privileged Tasks.
         Starting Hold until boot process finishes up...
         Starting Terminate Plymouth Boot Screen...
[[0;32m  OK  [0m] Started Virtualbox guest utils.
[[0;32m  OK  [0m] Started LSB: Set the CPU Frequency Scaling governor to "ondemand".
[[0;32m  OK  [0m] Started Hold until boot process finishes up.
[[0;32m  OK  [0m] Started Terminate Plymouth Boot Screen.
[[0;32m  OK  [0m] Started LSB: automatic crash report generation.
[[0;32m  OK  [0m] Started Accounts Service.
[[0;32m  OK  [0m] Started LSB: daemon to balance interrupts for SMP systems.
[[0;32m  OK  [0m] Started Serial Getty on ttyS0.
         Starting Set console scheme...
[[0;32m  OK  [0m] Started Getty on tty1.
[[0;32m  OK  [0m] Reached target Login Prompts.
[[0;32m  OK  [0m] Started Set console scheme.
[[0;32m  OK  [0m] Started Snappy daemon.
         Starting Wait until snapd is fully seeded...
[[0;32m  OK  [0m] Started Pollinate to seed the pseudo random number generator.
         Starting OpenBSD Secure Shell server...
[[0;32m  OK  [0m] Started OpenBSD Secure Shell server.
[[0;32m  OK  [0m] Created slice User Slice of vagrant.
         Starting User Manager for UID 1000...
[[0;32m  OK  [0m] Started Session 1 of user vagrant.
[[0;32m  OK  [0m] Started User Manager for UID 1000.
[[0;32m  OK  [0m] Started Wait until snapd is fully seeded.
[[0;32m  OK  [0m] Reached target Multi-User System.
[[0;32m  OK  [0m] Reached target Graphical Interface.
         Starting Update UTMP about System Runlevel Changes...
         Starting Apply the settings specified in cloud-config...
[[0;32m  OK  [0m] Started Update UTMP about System Runlevel Changes.
[   22.844953] cloud-init[1343]: Generating locales (this might take a while)...

Ubuntu 16.04.5 LTS ubuntu-xenial ttyS0

ubuntu-xenial login: [   25.500665] cloud-init[1343]:   en_US.UTF-8... done
[   25.503974] cloud-init[1343]: Generation complete.
[   26.591437] cloud-init[1343]: Cloud-init v. 18.4-0ubuntu1~16.04.2 running 'modules:config' at Thu, 11 Jun 2020 06:53:01 +0000. Up 22.47 seconds.
ci-info: no authorized ssh keys fingerprints found for user ubuntu.
<14>Jun 11 06:53:08 ec2: 
<14>Jun 11 06:53:08 ec2: #############################################################
<14>Jun 11 06:53:08 ec2: -----BEGIN SSH HOST KEY FINGERPRINTS-----
<14>Jun 11 06:53:08 ec2: 1024 SHA256:j1MKLbbonTlRfTnzXwePVj/hlLuHtAPm9bYkDczVW1Y root@ubuntu-xenial (DSA)
<14>Jun 11 06:53:08 ec2: 256 SHA256:dpC5HRmSNFHLobC3fk+x37tS+iKNqg42B7Ovr9LUhr4 root@ubuntu-xenial (ECDSA)
<14>Jun 11 06:53:08 ec2: 256 SHA256:4wkUqy+V/xLFgDwokGC/Aw1FMjMfGaKOza+30qVg1R8 root@ubuntu-xenial (ED25519)
<14>Jun 11 06:53:08 ec2: 2048 SHA256:RcbvF4BQhzEdCNJni+/65iu8TA4H3UdTk726a+9LXxs root@ubuntu-xenial (RSA)
<14>Jun 11 06:53:08 ec2: -----END SSH HOST KEY FINGERPRINTS-----
<14>Jun 11 06:53:08 ec2: #############################################################
-----BEGIN SSH HOST KEY KEYS-----
ecdsa-sha2-nistp256 AAAAE2VjZHNhLXNoYTItbmlzdHAyNTYAAAAIbmlzdHAyNTYAAABBBDDNn61gS40307KcJzPMmxp//fU4hJRJ2pDHxnug3ZCDMCDb24U3X4CooxIFYr8mMNPDqiIAp9CVwqJoS70PKeg= root@ubuntu-xenial
ssh-ed25519 AAAAC3NzaC1lZDI1NTE5AAAAIOcq99bqCX/9Afe9yWVR0Uk9KNaaL1aElI9VGTtMLb66 root@ubuntu-xenial
ssh-rsa AAAAB3NzaC1yc2EAAAADAQABAAABAQCoTNLpxH4TM7gRXPSsj1VqQAaPyEVzfnToxDL6eBreVwEiJPo3UTB9X6//dXMWx6rJPYhx180q7+lHuRtOeM9VCBcwX7K+2GiiSWdO1iI0APtaigdO9J+3yAwrYC+d/uO3vbf3Tdnbu6NE8Gc1QoNFzdudyawE/Zq6Yb5VlyAWynyDNBKIE5P6h5eAR0zQLMI+vMESDam0iIcACBDrDRKG6kVUr2pbDBViR527kJGEnPq43yGe5upwRoLCvk5/YXVUHxlibdvSPgqCjQEn7be655iqCrZ2Q1vOrX39idKLma2Vbc1bvxf3q4f/ZtcBdfi1fGcw3K6ZiWlRv6OgmWtV root@ubuntu-xenial
-----END SSH HOST KEY KEYS-----
[   29.278167] cloud-init[1528]: Cloud-init v. 18.4-0ubuntu1~16.04.2 running 'modules:final' at Thu, 11 Jun 2020 06:53:07 +0000. Up 28.73 seconds.
[   29.278546] cloud-init[1528]: ci-info: no authorized ssh keys fingerprints found for user ubuntu.
[   29.280121] cloud-init[1528]: Cloud-init v. 18.4-0ubuntu1~16.04.2 finished at Thu, 11 Jun 2020 06:53:08 +0000. Datasource DataSourceNoCloud [seed=/dev/sdb][dsmode=net].  Up 29.25 seconds
